DEPRECATION WARNING: ActiveSupport.halt_callback_chains_on_return_false= is deprecated and will be removed in Rails 5.2. (called from <top (required)> at /var/Proyectos/jbaricot-tweetapp/config/initializers/new_framework_defaults.rb:21)
Started GET "/" for 192.168.10.101 at 2017-12-28 21:14:48 -0400
  
ActiveRecord::PendingMigrationError (

Migrations are pending. To resolve this issue, run:

        bin/rails db:migrate RAILS_ENV=development

):
  
activerecord (5.1.4) lib/active_record/migration.rb:576:in `check_pending!'
activerecord (5.1.4) lib/active_record/migration.rb:553:in `call'
actionpack (5.1.4) lib/action_dispatch/middleware/callbacks.rb:26:in `block in call'
activesupport (5.1.4) lib/active_support/callbacks.rb:97:in `run_callbacks'
actionpack (5.1.4) lib/action_dispatch/middleware/callbacks.rb:24:in `call'
actionpack (5.1.4) lib/action_dispatch/middleware/executor.rb:12:in `call'
actionpack (5.1.4) lib/action_dispatch/middleware/debug_exceptions.rb:59:in `call'
web-console (3.5.1) lib/web_console/middleware.rb:135:in `call_app'
web-console (3.5.1) lib/web_console/middleware.rb:28:in `block in call'
web-console (3.5.1) lib/web_console/middleware.rb:18:in `catch'
web-console (3.5.1) lib/web_console/middleware.rb:18:in `call'
actionpack (5.1.4) lib/action_dispatch/middleware/show_exceptions.rb:31:in `call'
railties (5.1.4) lib/rails/rack/logger.rb:36:in `call_app'
railties (5.1.4) lib/rails/rack/logger.rb:24:in `block in call'
activesupport (5.1.4) lib/active_support/tagged_logging.rb:69:in `block in tagged'
activesupport (5.1.4) lib/active_support/tagged_logging.rb:26:in `tagged'
activesupport (5.1.4) lib/active_support/tagged_logging.rb:69:in `tagged'
railties (5.1.4) lib/rails/rack/logger.rb:24:in `call'
sprockets-rails (3.2.1) lib/sprockets/rails/quiet_assets.rb:13:in `call'
actionpack (5.1.4) lib/action_dispatch/middleware/remote_ip.rb:79:in `call'
actionpack (5.1.4) lib/action_dispatch/middleware/request_id.rb:25:in `call'
rack (2.0.3) lib/rack/method_override.rb:22:in `call'
rack (2.0.3) lib/rack/runtime.rb:22:in `call'
activesupport (5.1.4) lib/active_support/cache/strategy/local_cache_middleware.rb:27:in `call'
actionpack (5.1.4) lib/action_dispatch/middleware/executor.rb:12:in `call'
actionpack (5.1.4) lib/action_dispatch/middleware/static.rb:125:in `call'
rack (2.0.3) lib/rack/sendfile.rb:111:in `call'
railties (5.1.4) lib/rails/engine.rb:522:in `call'
puma (3.11.0) lib/puma/configuration.rb:225:in `call'
puma (3.11.0) lib/puma/server.rb:624:in `handle_request'
puma (3.11.0) lib/puma/server.rb:438:in `process_client'
puma (3.11.0) lib/puma/server.rb:302:in `block in run'
puma (3.11.0) lib/puma/thread_pool.rb:120:in `block in spawn_thread'
DEPRECATION WARNING: ActiveSupport.halt_callback_chains_on_return_false= is deprecated and will be removed in Rails 5.2. (called from <top (required)> at /var/Proyectos/jbaricot-tweetapp/config/initializers/new_framework_defaults.rb:21)
  [1m[35m (0.2ms)[0m  [1m[34mSELECT sqlite_version(*)[0m
  [1m[35m (254.9ms)[0m  [1m[35mCREATE TABLE "schema_migrations" ("version" varchar NOT NULL PRIMARY KEY)[0m
  [1m[35m (248.3ms)[0m  [1m[35mCREATE TABLE "ar_internal_metadata" ("key" varchar NOT NULL PRIMARY KEY, "value" varchar, "created_at" datetime NOT NULL, "updated_at" datetime NOT NULL)[0m
  [1m[35m (0.2ms)[0m  [1m[34mSELECT "schema_migrations"."version" FROM "schema_migrations" ORDER BY "schema_migrations"."version" ASC[0m
Migrating to CreatePosts (20170331045923)
  [1m[35m (0.1ms)[0m  [1m[36mbegin transaction[0m
  [1m[35m (0.4ms)[0m  [1m[35mCREATE TABLE "posts" ("id" INTEGER PRIMARY KEY AUTOINCREMENT NOT NULL, "content" text, "created_at" datetime NOT NULL, "updated_at" datetime NOT NULL)[0m
  [1m[35mSQL (0.4ms)[0m  [1m[32mINSERT INTO "schema_migrations" ("version") VALUES (?)[0m  [["version", "20170331045923"]]
  [1m[35m (277.9ms)[0m  [1m[36mcommit transaction[0m
  [1m[36mActiveRecord::InternalMetadata Load (0.2ms)[0m  [1m[34mSELECT  "ar_internal_metadata".* FROM "ar_internal_metadata" WHERE "ar_internal_metadata"."key" = ? LIMIT ?[0m  [["key", "environment"], ["LIMIT", 1]]
  [1m[35m (0.1ms)[0m  [1m[36mbegin transaction[0m
  [1m[35mSQL (0.4ms)[0m  [1m[32mINSERT INTO "ar_internal_metadata" ("key", "value", "created_at", "updated_at") VALUES (?, ?, ?, ?)[0m  [["key", "environment"], ["value", "development"], ["created_at", "2017-12-29 01:15:07.713216"], ["updated_at", "2017-12-29 01:15:07.713216"]]
  [1m[35m (209.2ms)[0m  [1m[36mcommit transaction[0m
  [1m[35m (0.2ms)[0m  [1m[34mSELECT "schema_migrations"."version" FROM "schema_migrations" ORDER BY "schema_migrations"."version" ASC[0m
DEPRECATION WARNING: ActiveSupport.halt_callback_chains_on_return_false= is deprecated and will be removed in Rails 5.2. (called from <top (required)> at /var/Proyectos/jbaricot-tweetapp/config/initializers/new_framework_defaults.rb:21)
Started GET "/" for 192.168.10.101 at 2017-12-28 21:15:18 -0400
  [1m[35m (0.3ms)[0m  [1m[34mSELECT "schema_migrations"."version" FROM "schema_migrations" ORDER BY "schema_migrations"."version" ASC[0m
Processing by HomeController#top as HTML
  Rendering home/top.html.erb within layouts/application
  Rendered home/top.html.erb within layouts/application (2.3ms)
Completed 500 Internal Server Error in 3875ms (ActiveRecord: 0.0ms)


  
ActionView::Template::Error (couldn't find file 'jquery' with type 'application/javascript'
Checked in these paths: 
  /var/Proyectos/jbaricot-tweetapp/app/assets/config
  /var/Proyectos/jbaricot-tweetapp/app/assets/images
  /var/Proyectos/jbaricot-tweetapp/app/assets/javascripts
  /var/Proyectos/jbaricot-tweetapp/app/assets/stylesheets
  /var/Proyectos/jbaricot-tweetapp/vendor/assets/javascripts
  /var/Proyectos/jbaricot-tweetapp/vendor/assets/stylesheets
  /usr/local/rvm/gems/ruby-2.4.0/gems/coffee-rails-4.2.2/lib/assets/javascripts
  /usr/local/rvm/gems/ruby-2.4.0/gems/actionview-5.1.4/lib/assets/compiled
  /usr/local/rvm/gems/ruby-2.4.0/gems/turbolinks-source-5.0.3/lib/assets/javascripts
  /usr/local/rvm/gems/ruby-2.4.0/gems/popper_js-1.12.9/assets/javascripts
  /usr/local/rvm/gems/ruby-2.4.0/gems/bootstrap-4.0.0.beta2.1/assets/stylesheets
  /usr/local/rvm/gems/ruby-2.4.0/gems/bootstrap-4.0.0.beta2.1/assets/javascripts):
    4:     <title>TweetApp</title>
    5:     <%= csrf_meta_tags %>
    6: 
    7:     <%= stylesheet_link_tag    'application', media: 'all', 'data-turbolinks-track': 'reload' %>
    8:     <%= javascript_include_tag 'application', 'data-turbolinks-track': 'reload' %>
    9:   </head>
   10: 
  
app/assets/javascripts/application.js:13
app/views/layouts/application.html.erb:7:in `_app_views_layouts_application_html_erb___162065989862941720_31737900'
DEPRECATION WARNING: ActiveSupport.halt_callback_chains_on_return_false= is deprecated and will be removed in Rails 5.2. (called from <top (required)> at /var/Proyectos/jbaricot-tweetapp/config/initializers/new_framework_defaults.rb:21)
Started GET "/" for 192.168.10.101 at 2017-12-28 21:20:46 -0400
  [1m[35m (0.3ms)[0m  [1m[34mSELECT "schema_migrations"."version" FROM "schema_migrations" ORDER BY "schema_migrations"."version" ASC[0m
Processing by HomeController#top as HTML
  Rendering home/top.html.erb within layouts/application
  Rendered home/top.html.erb within layouts/application (1.6ms)
Completed 200 OK in 739ms (Views: 715.0ms | ActiveRecord: 0.0ms)


Started GET "/posts/index" for 192.168.10.101 at 2017-12-28 21:24:03 -0400
Processing by PostsController#index as HTML
  Rendering posts/index.html.erb within layouts/application
  [1m[36mPost Load (0.4ms)[0m  [1m[34mSELECT "posts".* FROM "posts" ORDER BY "posts"."created_at" DESC[0m
  Rendered posts/index.html.erb within layouts/application (10.2ms)
Completed 200 OK in 135ms (Views: 81.6ms | ActiveRecord: 6.2ms)


Started GET "/posts/new" for 192.168.10.101 at 2017-12-28 21:24:09 -0400
Processing by PostsController#new as HTML
  Rendering posts/new.html.erb within layouts/application
  Rendered posts/new.html.erb within layouts/application (2.0ms)
Completed 200 OK in 70ms (Views: 43.2ms | ActiveRecord: 0.6ms)


Started POST "/posts/create" for 192.168.10.101 at 2017-12-28 21:24:16 -0400
Processing by PostsController#create as HTML
  Parameters: {"utf8"=>"✓", "authenticity_token"=>"/gX6NnY5c/pK93oKmIFD1af57f5+uZcvQATmch4UKymOIrToxqvp08EVVdXXM+8xQs3eeY191CU/ahiHXXRKCw==", "content"=>"Hola!!!!!"}
  [1m[35m (0.1ms)[0m  [1m[36mbegin transaction[0m
  [1m[35mSQL (0.4ms)[0m  [1m[32mINSERT INTO "posts" ("content", "created_at", "updated_at") VALUES (?, ?, ?)[0m  [["content", "Hola!!!!!"], ["created_at", "2017-12-29 01:24:16.303832"], ["updated_at", "2017-12-29 01:24:16.303832"]]
  [1m[35m (163.4ms)[0m  [1m[36mcommit transaction[0m
Redirected to http://192.168.10.107:3000/posts/index?instanceId=3c0a26cdf363&containerPort=3000&languageName=rails5&locale=en
Completed 302 Found in 170ms (ActiveRecord: 164.0ms)


Started GET "/posts/index?instanceId=3c0a26cdf363&containerPort=3000&languageName=rails5&locale=en" for 192.168.10.101 at 2017-12-28 21:24:16 -0400
Processing by PostsController#index as HTML
  Parameters: {"instanceId"=>"3c0a26cdf363", "containerPort"=>"3000", "languageName"=>"rails5", "locale"=>"en"}
  Rendering posts/index.html.erb within layouts/application
  [1m[36mPost Load (0.3ms)[0m  [1m[34mSELECT "posts".* FROM "posts" ORDER BY "posts"."created_at" DESC[0m
  Rendered posts/index.html.erb within layouts/application (20.6ms)
Completed 200 OK in 70ms (Views: 68.1ms | ActiveRecord: 0.3ms)


